<?xml version="1.0" encoding="UTF-8"?>
<!-- Generated by org.testng.reporters.JUnitReportReporter -->
<testsuite hostname="031964" failures="0" tests="1" name="variousConcepts.LoginTest" time="7.564" errors="0" timestamp="2023-06-25T00:07:48 CDT" skipped="0">
  <testcase classname="variousConcepts.LoginTest" name="init" time="7.564"/>
</testsuite> <!-- variousConcepts.LoginTest -->
