<?xml version="1.0" encoding="UTF-8"?>
<!-- Generated by org.testng.reporters.JUnitReportReporter -->
<testsuite hostname="031964" failures="0" tests="2" name="variousConcepts.TestClass" time="14.965" errors="0" timestamp="2023-07-03T09:02:32 CDT" skipped="0">
  <testcase classname="variousConcepts.TestClass" name="login" time="4.522"/>
  <testcase classname="variousConcepts.TestClass" name="addCustomer" time="10.443"/>
</testsuite> <!-- variousConcepts.TestClass -->
